<?xml version="1.0" encoding="UTF-8"?>
<!-- Generated by org.testng.reporters.JUnitReportReporter -->
<testsuite hostname="LAPTOP-O45APJ05" failures="0" tests="1" name="Basiclearning_TestNG.TestNG_Annotation" time="0.006" errors="0" timestamp="2023-07-20T12:28:05 IST" skipped="0">
  <testcase classname="Basiclearning_TestNG.TestNG_Annotation" name="LoginTest" time="0.006"/>
  <system-out/>
</testsuite> <!-- Basiclearning_TestNG.TestNG_Annotation -->
