<?xml version="1.0" encoding="UTF-8"?>
<!-- Generated by org.testng.reporters.JUnitReportReporter -->
<testsuite hostname="LAPTOP-O45APJ05" failures="0" tests="12" name="TestCases_DataProvider.TestCases" time="0.025" errors="0" timestamp="2023-07-24T12:10:07 IST" skipped="0">
  <testcase classname="TestCases_DataProvider.TestCases" name="logout" time="0.005"/>
  <system-out/>
  <testcase classname="TestCases_DataProvider.TestCases" name="entercredentionals" time="0.001"/>
  <system-out/>
  <testcase classname="TestCases_DataProvider.TestCases" name="validateLoginPage" time="0.002"/>
  <system-out/>
  <testcase classname="TestCases_DataProvider.TestCases" name="launchurl" time="0.001"/>
  <system-out/>
  <testcase classname="TestCases_DataProvider.TestCases" name="entercredentionals" time="0.007"/>
  <system-out/>
  <testcase classname="TestCases_DataProvider.TestCases" name="launchurl" time="0.000"/>
  <system-out/>
  <testcase classname="TestCases_DataProvider.TestCases" name="entercredentionals" time="0.001"/>
  <system-out/>
  <testcase classname="TestCases_DataProvider.TestCases" name="validateLoginPage" time="0.001"/>
  <system-out/>
  <testcase classname="TestCases_DataProvider.TestCases" name="logout" time="0.003"/>
  <system-out/>
  <testcase classname="TestCases_DataProvider.TestCases" name="launchurl" time="0.001"/>
  <system-out/>
  <testcase classname="TestCases_DataProvider.TestCases" name="logout" time="0.001"/>
  <system-out/>
  <testcase classname="TestCases_DataProvider.TestCases" name="validateLoginPage" time="0.002"/>
  <system-out/>
</testsuite> <!-- TestCases_DataProvider.TestCases -->
